/home/aditya_sharma/.local/lib/python3.9/site-packages/torch/optim/lr_scheduler.py:138: UserWarning: Detected call of `lr_scheduler.step()` before `optimizer.step()`. In PyTorch 1.1.0 and later, you should call them in the opposite order: `optimizer.step()` before `lr_scheduler.step()`.  Failure to do this will result in PyTorch skipping the first value of the learning rate schedule. See more details at https://pytorch.org/docs/stable/optim.html#how-to-adjust-learning-rate
  warnings.warn("Detected call of `lr_scheduler.step()` before `optimizer.step()`. "
----------------- Options ---------------
               batch_size: 1                             
                    beta1: 0.5                           
          checkpoints_dir: ./checkpoints                 
           continue_train: False                         
                crop_size: 256                           
                 dataroot: ./datasets/bird-draw-real/    	[default: None]
             dataset_mode: aligned                       
                direction: BtoA                          	[default: AtoB]
              display_env: main                          
             display_freq: 400                           
               display_id: -1                            	[default: 1]
            display_ncols: 4                             
             display_port: 8097                          
           display_server: http://localhost              
          display_winsize: 256                           
                    epoch: latest                        
              epoch_count: 1                             
                 gan_mode: vanilla                       
                  gpu_ids: 0                             
                init_gain: 0.02                          
                init_type: normal                        
                 input_nc: 3                             
                  isTrain: True                          	[default: None]
                lambda_L1: 100.0                         
                load_iter: 0                             	[default: 0]
                load_size: 286                           
                       lr: 0.0002                        
           lr_decay_iters: 50                            
                lr_policy: linear                        
         max_dataset_size: inf                           
                    model: pix2pix                       	[default: cycle_gan]
                 n_epochs: 100                           
           n_epochs_decay: 100                           
               n_layers_D: 3                             
                     name: bird-draw-real_pix2pix        	[default: experiment_name]
                      ndf: 64                            
                     netD: basic                         
                     netG: unet_256                      
                      ngf: 64                            
               no_dropout: False                         
                  no_flip: False                         
                  no_html: False                         
                     norm: batch                         
              num_threads: 4                             
                output_nc: 3                             
                    phase: train                         
                pool_size: 0                             
               preprocess: resize_and_crop               
               print_freq: 100                           
             save_by_iter: False                         
          save_epoch_freq: 5                             
         save_latest_freq: 5000                          
           serial_batches: False                         
                   suffix:                               
         update_html_freq: 1000                          
                use_wandb: False                         
                  verbose: False                         
       wandb_project_name: CycleGAN-and-pix2pix          
----------------- End -------------------
dataset [AlignedDataset] was created
The number of training images = 451
initialize network with normal
initialize network with normal
model [Pix2PixModel] was created
---------- Networks initialized -------------
[Network G] Total number of parameters : 54.414 M
[Network D] Total number of parameters : 2.769 M
-----------------------------------------------
create web directory ./checkpoints/bird-draw-real_pix2pix/web...
learning rate 0.0002000 -> 0.0002000
(epoch: 1, iters: 100, time: 0.042, data: 0.059) G_GAN: 2.184 G_L1: 51.197 D_real: 0.248 D_fake: 0.140 
(epoch: 1, iters: 200, time: 0.040, data: 0.001) G_GAN: 4.194 G_L1: 27.819 D_real: 0.102 D_fake: 0.025 
(epoch: 1, iters: 300, time: 0.037, data: 0.001) G_GAN: 1.213 G_L1: 19.656 D_real: 0.622 D_fake: 0.423 
(epoch: 1, iters: 400, time: 0.088, data: 0.001) G_GAN: 2.191 G_L1: 25.999 D_real: 0.735 D_fake: 0.047 
End of epoch 1 / 200 	 Time Taken: 15 sec
learning rate 0.0002000 -> 0.0002000
(epoch: 2, iters: 49, time: 0.039, data: 0.001) G_GAN: 2.460 G_L1: 45.775 D_real: 0.006 D_fake: 0.256 
(epoch: 2, iters: 149, time: 0.040, data: 0.001) G_GAN: 1.398 G_L1: 19.800 D_real: 2.686 D_fake: 0.069 
(epoch: 2, iters: 249, time: 0.040, data: 0.001) G_GAN: 0.459 G_L1: 26.993 D_real: 0.842 D_fake: 0.182 
(epoch: 2, iters: 349, time: 0.079, data: 0.001) G_GAN: 3.059 G_L1: 80.220 D_real: 0.005 D_fake: 0.131 
(epoch: 2, iters: 449, time: 0.039, data: 0.001) G_GAN: 1.405 G_L1: 34.569 D_real: 0.141 D_fake: 0.254 
End of epoch 2 / 200 	 Time Taken: 13 sec
learning rate 0.0002000 -> 0.0002000
(epoch: 3, iters: 98, time: 0.039, data: 0.001) G_GAN: 3.043 G_L1: 36.823 D_real: 0.001 D_fake: 2.088 
(epoch: 3, iters: 198, time: 0.041, data: 0.001) G_GAN: 1.342 G_L1: 34.428 D_real: 0.018 D_fake: 1.796 
(epoch: 3, iters: 298, time: 0.093, data: 0.001) G_GAN: 3.177 G_L1: 43.745 D_real: 0.047 D_fake: 0.069 
(epoch: 3, iters: 398, time: 0.040, data: 0.001) G_GAN: 1.547 G_L1: 22.999 D_real: 0.433 D_fake: 0.348 
End of epoch 3 / 200 	 Time Taken: 13 sec
learning rate 0.0002000 -> 0.0002000
(epoch: 4, iters: 47, time: 0.039, data: 0.001) G_GAN: 2.644 G_L1: 28.620 D_real: 0.078 D_fake: 0.098 
(epoch: 4, iters: 147, time: 0.040, data: 0.001) G_GAN: 1.012 G_L1: 23.322 D_real: 0.349 D_fake: 0.307 
(epoch: 4, iters: 247, time: 0.088, data: 0.001) G_GAN: 0.576 G_L1: 26.374 D_real: 0.609 D_fake: 0.753 
(epoch: 4, iters: 347, time: 0.038, data: 0.001) G_GAN: 1.504 G_L1: 19.079 D_real: 0.295 D_fake: 0.173 
(epoch: 4, iters: 447, time: 0.037, data: 0.001) G_GAN: 0.932 G_L1: 23.120 D_real: 1.447 D_fake: 0.217 
End of epoch 4 / 200 	 Time Taken: 13 sec
learning rate 0.0002000 -> 0.0002000
(epoch: 5, iters: 96, time: 0.039, data: 0.001) G_GAN: 2.325 G_L1: 34.750 D_real: 0.033 D_fake: 0.281 
(epoch: 5, iters: 196, time: 0.090, data: 0.001) G_GAN: 2.184 G_L1: 25.058 D_real: 0.104 D_fake: 0.229 
(epoch: 5, iters: 296, time: 0.041, data: 0.001) G_GAN: 1.535 G_L1: 52.805 D_real: 0.000 D_fake: 0.427 
(epoch: 5, iters: 396, time: 0.040, data: 0.001) G_GAN: 1.376 G_L1: 21.635 D_real: 1.884 D_fake: 0.114 
saving the model at the end of epoch 5, iters 2255
End of epoch 5 / 200 	 Time Taken: 14 sec
learning rate 0.0002000 -> 0.0002000
(epoch: 6, iters: 45, time: 0.039, data: 0.001) G_GAN: 1.811 G_L1: 38.818 D_real: 0.001 D_fake: 0.308 
(epoch: 6, iters: 145, time: 0.100, data: 0.001) G_GAN: 2.320 G_L1: 30.048 D_real: 0.053 D_fake: 0.245 
(epoch: 6, iters: 245, time: 0.039, data: 0.001) G_GAN: 1.685 G_L1: 65.091 D_real: 0.000 D_fake: 0.271 
(epoch: 6, iters: 345, time: 0.038, data: 0.002) G_GAN: 1.876 G_L1: 20.338 D_real: 0.733 D_fake: 0.170 
(epoch: 6, iters: 445, time: 0.041, data: 0.001) G_GAN: 2.168 G_L1: 30.938 D_real: 0.086 D_fake: 0.474 
End of epoch 6 / 200 	 Time Taken: 13 sec
learning rate 0.0002000 -> 0.0002000
(epoch: 7, iters: 94, time: 0.089, data: 0.001) G_GAN: 1.170 G_L1: 23.727 D_real: 0.594 D_fake: 0.447 
(epoch: 7, iters: 194, time: 0.040, data: 0.002) G_GAN: 2.150 G_L1: 25.076 D_real: 0.043 D_fake: 2.187 
(epoch: 7, iters: 294, time: 0.039, data: 0.001) G_GAN: 2.000 G_L1: 28.925 D_real: 0.172 D_fake: 1.476 
(epoch: 7, iters: 394, time: 0.038, data: 0.001) G_GAN: 1.729 G_L1: 24.055 D_real: 0.040 D_fake: 0.883 
End of epoch 7 / 200 	 Time Taken: 13 sec
learning rate 0.0002000 -> 0.0002000
(epoch: 8, iters: 43, time: 0.092, data: 0.001) G_GAN: 1.619 G_L1: 19.027 D_real: 1.496 D_fake: 0.085 
(epoch: 8, iters: 143, time: 0.040, data: 0.001) G_GAN: 1.015 G_L1: 21.751 D_real: 0.629 D_fake: 0.560 
(epoch: 8, iters: 243, time: 0.040, data: 0.001) G_GAN: 1.921 G_L1: 23.024 D_real: 1.123 D_fake: 0.058 
(epoch: 8, iters: 343, time: 0.039, data: 0.001) G_GAN: 2.474 G_L1: 37.055 D_real: 0.004 D_fake: 0.112 
(epoch: 8, iters: 443, time: 0.039, data: 0.001) G_GAN: 1.816 G_L1: 16.991 D_real: 0.636 D_fake: 0.120 
End of epoch 8 / 200 	 Time Taken: 13 sec
learning rate 0.0002000 -> 0.0002000
